log4j:WARN No appenders could be found for logger (org.springframework.web.context.ContextLoader).
log4j:WARN Please initialize the log4j system properly.
log4j:WARN See http://logging.apache.org/log4j/1.2/faq.html#noconfig for more info.
[ParallelWebappClassLoader@77aad23b] warning javax.* types are not being woven because the weaver option '-Xset:weaveJavaxPackages=true' has not been specified
WARNING: An illegal reflective access operation has occurred
WARNING: Illegal reflective access by org.aspectj.weaver.loadtime.ClassLoaderWeavingAdaptor (file:/home/webadmin/qcadoo-mes-1.10.20/mes-application/lib/aspectjweaver-1.8.2.jar) to method java.lang.ClassLoader.defineClass(java.lang.String,byte[],int,int,java.security.ProtectionDomain)
WARNING: Please consider reporting this to the maintainers of org.aspectj.weaver.loadtime.ClassLoaderWeavingAdaptor
WARNING: Use --illegal-access=warn to enable warnings of further illegal reflective access operations
WARNING: All illegal access operations will be denied in a future release
[ParallelWebappClassLoader@77aad23b] warning no match for this type name: askForNotAcceptReason [Xlint:invalidAbsoluteTypeName]
[ParallelWebappClassLoader@77aad23b] error aspect 'com.qcadoo.mes.productFlowThruDivision.warehouseIssue.states.aop.WarehouseIssueStateChangeAspect' woven into 'com.qcadoo.mes.productFlowThruDivision.warehouseIssue.states.aop.WarehouseIssueStateChangeAspect' must be defined to the weaver (placed on the aspectpath, or defined in an aop.xml file if using LTW).
[ParallelWebappClassLoader@77aad23b] error at com/qcadoo/mes/techSubcontrForOperTasks/aop/OperationalTaskHooksOTFOOverrideAspect.java::0 use of ProceedingJoinPoint is allowed only on around advice (arg 0 in (after(extraFlags: 2): ((execution(public void com.qcadoo.mes.orders.hooks.OperationalTaskHooks.onSave(..)) && args(BindingTypePattern(com.qcadoo.model.api.DataDefinition, 1), BindingTypePattern(com.qcadoo.model.api.Entity, 2))) && persingleton(com.qcadoo.mes.techSubcontrForOperTasks.aop.OperationalTaskHooksOTFOOverrideAspect))->void com.qcadoo.mes.techSubcontrForOperTasks.aop.OperationalTaskHooksOTFOOverrideAspect.afterOnSaveExecution(org.aspectj.lang.ProceedingJoinPoint, com.qcadoo.model.api.DataDefinition, com.qcadoo.model.api.Entity)))
[ParallelWebappClassLoader@77aad23b] error at com/qcadoo/mes/techSubcontrForOperTasks/aop/OperationalTaskHooksOTFOOverrideAspect.java::0 use of ProceedingJoinPoint is allowed only on around advice (arg 0 in (after(extraFlags: 2): ((execution(public void com.qcadoo.mes.orders.hooks.OperationalTaskHooks.onSave(..)) && args(BindingTypePattern(com.qcadoo.model.api.DataDefinition, 1), BindingTypePattern(com.qcadoo.model.api.Entity, 2))) && persingleton(com.qcadoo.mes.techSubcontrForOperTasks.aop.OperationalTaskHooksOTFOOverrideAspect))->void com.qcadoo.mes.techSubcontrForOperTasks.aop.OperationalTaskHooksOTFOOverrideAspect.afterOnSaveExecution(org.aspectj.lang.ProceedingJoinPoint, com.qcadoo.model.api.DataDefinition, com.qcadoo.model.api.Entity)))
log4j:WARN No appenders could be found for logger (org.springframework.web.context.ContextLoader).
log4j:WARN Please initialize the log4j system properly.
log4j:WARN See http://logging.apache.org/log4j/1.2/faq.html#noconfig for more info.
[ParallelWebappClassLoader@64718178] warning javax.* types are not being woven because the weaver option '-Xset:weaveJavaxPackages=true' has not been specified
WARNING: An illegal reflective access operation has occurred
WARNING: Illegal reflective access by org.aspectj.weaver.loadtime.ClassLoaderWeavingAdaptor (file:/home/webadmin/qcadoo-mes-1.10.20/mes-application/lib/aspectjweaver-1.8.2.jar) to method java.lang.ClassLoader.defineClass(java.lang.String,byte[],int,int,java.security.ProtectionDomain)
WARNING: Please consider reporting this to the maintainers of org.aspectj.weaver.loadtime.ClassLoaderWeavingAdaptor
WARNING: Use --illegal-access=warn to enable warnings of further illegal reflective access operations
WARNING: All illegal access operations will be denied in a future release
[ParallelWebappClassLoader@64718178] warning no match for this type name: askForNotAcceptReason [Xlint:invalidAbsoluteTypeName]
[ParallelWebappClassLoader@64718178] error aspect 'com.qcadoo.mes.productFlowThruDivision.warehouseIssue.states.aop.WarehouseIssueStateChangeAspect' woven into 'com.qcadoo.mes.productFlowThruDivision.warehouseIssue.states.aop.WarehouseIssueStateChangeAspect' must be defined to the weaver (placed on the aspectpath, or defined in an aop.xml file if using LTW).
[ParallelWebappClassLoader@64718178] error at com/qcadoo/mes/techSubcontrForOperTasks/aop/OperationalTaskHooksOTFOOverrideAspect.java::0 use of ProceedingJoinPoint is allowed only on around advice (arg 0 in (after(extraFlags: 2): ((execution(public void com.qcadoo.mes.orders.hooks.OperationalTaskHooks.onSave(..)) && args(BindingTypePattern(com.qcadoo.model.api.DataDefinition, 1), BindingTypePattern(com.qcadoo.model.api.Entity, 2))) && persingleton(com.qcadoo.mes.techSubcontrForOperTasks.aop.OperationalTaskHooksOTFOOverrideAspect))->void com.qcadoo.mes.techSubcontrForOperTasks.aop.OperationalTaskHooksOTFOOverrideAspect.afterOnSaveExecution(org.aspectj.lang.ProceedingJoinPoint, com.qcadoo.model.api.DataDefinition, com.qcadoo.model.api.Entity)))
[ParallelWebappClassLoader@64718178] error at com/qcadoo/mes/techSubcontrForOperTasks/aop/OperationalTaskHooksOTFOOverrideAspect.java::0 use of ProceedingJoinPoint is allowed only on around advice (arg 0 in (after(extraFlags: 2): ((execution(public void com.qcadoo.mes.orders.hooks.OperationalTaskHooks.onSave(..)) && args(BindingTypePattern(com.qcadoo.model.api.DataDefinition, 1), BindingTypePattern(com.qcadoo.model.api.Entity, 2))) && persingleton(com.qcadoo.mes.techSubcontrForOperTasks.aop.OperationalTaskHooksOTFOOverrideAspect))->void com.qcadoo.mes.techSubcontrForOperTasks.aop.OperationalTaskHooksOTFOOverrideAspect.afterOnSaveExecution(org.aspectj.lang.ProceedingJoinPoint, com.qcadoo.model.api.DataDefinition, com.qcadoo.model.api.Entity)))
