20-Mar-2021 10:21:37.876 WARNING [main] org.apache.tomcat.util.digester.SetPropertiesRule.begin [SetPropertiesRule]{Server/Service/Engine/Host} Setting property 'xmlValidation' to 'false' did not find a matching property.
20-Mar-2021 10:21:37.884 WARNING [main] org.apache.tomcat.util.digester.SetPropertiesRule.begin [SetPropertiesRule]{Server/Service/Engine/Host} Setting property 'xmlNamespaceAware' to 'false' did not find a matching property.
20-Mar-2021 10:21:37.896 INFO [main] org.apache.catalina.startup.VersionLoggerListener.log Server version:        Apache Tomcat/8.5.12
20-Mar-2021 10:21:37.896 INFO [main] org.apache.catalina.startup.VersionLoggerListener.log Server built:          Mar 8 2017 17:41:47 UTC
20-Mar-2021 10:21:37.896 INFO [main] org.apache.catalina.startup.VersionLoggerListener.log Server number:         8.5.12.0
20-Mar-2021 10:21:37.897 INFO [main] org.apache.catalina.startup.VersionLoggerListener.log OS Name:               Linux
20-Mar-2021 10:21:37.897 INFO [main] org.apache.catalina.startup.VersionLoggerListener.log OS Version:            4.15.0-136-generic
20-Mar-2021 10:21:37.897 INFO [main] org.apache.catalina.startup.VersionLoggerListener.log Architecture:          amd64
20-Mar-2021 10:21:37.897 INFO [main] org.apache.catalina.startup.VersionLoggerListener.log Java Home:             /usr/lib/jvm/java-8-openjdk-amd64/jre
20-Mar-2021 10:21:37.898 INFO [main] org.apache.catalina.startup.VersionLoggerListener.log JVM Version:           1.8.0_282-8u282-b08-0ubuntu1~18.04-b08
20-Mar-2021 10:21:37.898 INFO [main] org.apache.catalina.startup.VersionLoggerListener.log JVM Vendor:            Private Build
20-Mar-2021 10:21:37.898 INFO [main] org.apache.catalina.startup.VersionLoggerListener.log CATALINA_BASE:         /home/webadmin/qcadoo-mes-1.10.20/mes-application
20-Mar-2021 10:21:37.899 INFO [main] org.apache.catalina.startup.VersionLoggerListener.log CATALINA_HOME:         /home/webadmin/qcadoo-mes-1.10.20/mes-application
20-Mar-2021 10:21:37.900 INFO [main] org.apache.catalina.startup.VersionLoggerListener.log Command line argument: -Djava.util.logging.config.file=/home/webadmin/qcadoo-mes-1.10.20/mes-application/conf/logging.properties
20-Mar-2021 10:21:37.901 INFO [main] org.apache.catalina.startup.VersionLoggerListener.log Command line argument: -Djava.util.logging.manager=org.apache.juli.ClassLoaderLogManager
20-Mar-2021 10:21:37.901 INFO [main] org.apache.catalina.startup.VersionLoggerListener.log Command line argument: -DQCADOO_CONF=/home/webadmin/qcadoo-mes-1.10.20/mes-application/qcadoo
20-Mar-2021 10:21:37.901 INFO [main] org.apache.catalina.startup.VersionLoggerListener.log Command line argument: -DQCADOO_PLUGINS_PATH=/home/webadmin/qcadoo-mes-1.10.20/mes-application/webapps/ROOT/WEB-INF/lib
20-Mar-2021 10:21:37.902 INFO [main] org.apache.catalina.startup.VersionLoggerListener.log Command line argument: -DQCADOO_PLUGINS_TMP_PATH=/home/webadmin/qcadoo-mes-1.10.20/mes-application/webapps/ROOT/tmp
20-Mar-2021 10:21:37.902 INFO [main] org.apache.catalina.startup.VersionLoggerListener.log Command line argument: -DQCADOO_WEBAPP_PATH=/home/webadmin/qcadoo-mes-1.10.20/mes-application/webapps/ROOT
20-Mar-2021 10:21:37.902 INFO [main] org.apache.catalina.startup.VersionLoggerListener.log Command line argument: -DQCADOO_LOG=/home/webadmin/qcadoo-mes-1.10.20/mes-application/logs
20-Mar-2021 10:21:37.903 INFO [main] org.apache.catalina.startup.VersionLoggerListener.log Command line argument: -javaagent:/home/webadmin/qcadoo-mes-1.10.20/mes-application/lib/aspectjweaver-1.8.2.jar
20-Mar-2021 10:21:37.906 INFO [main] org.apache.catalina.startup.VersionLoggerListener.log Command line argument: -XX:MaxMetaspaceSize=256m
20-Mar-2021 10:21:37.906 INFO [main] org.apache.catalina.startup.VersionLoggerListener.log Command line argument: -Djdk.tls.ephemeralDHKeySize=2048
20-Mar-2021 10:21:37.906 INFO [main] org.apache.catalina.startup.VersionLoggerListener.log Command line argument: -Djava.protocol.handler.pkgs=org.apache.catalina.webresources
20-Mar-2021 10:21:37.906 INFO [main] org.apache.catalina.startup.VersionLoggerListener.log Command line argument: -Djava.awt.headless=true
20-Mar-2021 10:21:37.906 INFO [main] org.apache.catalina.startup.VersionLoggerListener.log Command line argument: -Dcatalina.base=/home/webadmin/qcadoo-mes-1.10.20/mes-application
20-Mar-2021 10:21:37.907 INFO [main] org.apache.catalina.startup.VersionLoggerListener.log Command line argument: -Dcatalina.home=/home/webadmin/qcadoo-mes-1.10.20/mes-application
20-Mar-2021 10:21:37.907 INFO [main] org.apache.catalina.startup.VersionLoggerListener.log Command line argument: -Djava.io.tmpdir=/home/webadmin/qcadoo-mes-1.10.20/mes-application/temp
20-Mar-2021 10:21:37.907 INFO [main] org.apache.catalina.core.AprLifecycleListener.lifecycleEvent The APR based Apache Tomcat Native library which allows optimal performance in production environments was not found on the java.library.path: /usr/java/packages/lib/amd64:/usr/lib/x86_64-linux-gnu/jni:/lib/x86_64-linux-gnu:/usr/lib/x86_64-linux-gnu:/usr/lib/jni:/lib:/usr/lib
20-Mar-2021 10:21:38.118 INFO [main] org.apache.coyote.AbstractProtocol.init Initializing ProtocolHandler ["http-nio-8080"]
20-Mar-2021 10:21:38.152 INFO [main] org.apache.tomcat.util.net.NioSelectorPool.getSharedSelector Using a shared selector for servlet write/read
20-Mar-2021 10:21:38.158 INFO [main] org.apache.catalina.startup.Catalina.load Initialization processed in 1497 ms
20-Mar-2021 10:21:38.265 INFO [main] org.apache.catalina.core.StandardService.startInternal Starting service Catalina
20-Mar-2021 10:21:38.270 INFO [main] org.apache.catalina.core.StandardEngine.startInternal Starting Servlet Engine: Apache Tomcat/8.5.12
20-Mar-2021 10:21:38.290 INFO [localhost-startStop-1] org.apache.catalina.startup.HostConfig.deployDirectory Deploying web application directory /home/webadmin/qcadoo-mes-1.10.20/mes-application/webapps/ROOT
20-Mar-2021 10:21:53.487 INFO [localhost-startStop-1] org.apache.jasper.servlet.TldScanner.scanJars At least one JAR was scanned for TLDs yet contained no TLDs. Enable debug logging for this logger for a complete list of JARs that were scanned but no TLDs were found in them. Skipping unneeded JARs during scanning can improve startup time and JSP compilation time.
20-Mar-2021 10:22:18.361 SEVERE [localhost-startStop-1] org.apache.catalina.core.StandardContext.startInternal One or more listeners failed to start. Full details will be found in the appropriate container log file
20-Mar-2021 10:22:18.372 SEVERE [localhost-startStop-1] org.apache.catalina.core.StandardContext.startInternal Context [] startup failed due to previous errors
20-Mar-2021 10:22:18.438 WARNING [localhost-startStop-1] org.apache.catalina.loader.WebappClassLoaderBase.clearReferencesJdbc The web application [ROOT] registered the JDBC driver [org.postgresql.Driver] but failed to unregister it when the web application was stopped. To prevent a memory leak, the JDBC Driver has been forcibly unregistered.
20-Mar-2021 10:22:18.457 INFO [localhost-startStop-1] org.apache.catalina.startup.HostConfig.deployDirectory Deployment of web application directory /home/webadmin/qcadoo-mes-1.10.20/mes-application/webapps/ROOT has finished in 40,166 ms
20-Mar-2021 10:22:18.472 INFO [main] org.apache.coyote.AbstractProtocol.start Starting ProtocolHandler [http-nio-8080]
20-Mar-2021 10:22:18.505 INFO [main] org.apache.catalina.startup.Catalina.start Server startup in 40345 ms
20-Mar-2021 11:20:41.184 INFO [http-nio-8080-exec-6] org.apache.coyote.http11.Http11Processor.service Error parsing HTTP request header
 Note: further occurrences of HTTP header parsing errors will be logged at DEBUG level.
 java.lang.IllegalArgumentException: Invalid character found in method name. HTTP method names must be tokens
	at org.apache.coyote.http11.Http11InputBuffer.parseRequestLine(Http11InputBuffer.java:422)
	at org.apache.coyote.http11.Http11Processor.service(Http11Processor.java:667)
	at org.apache.coyote.AbstractProcessorLight.process(AbstractProcessorLight.java:66)
	at org.apache.coyote.AbstractProtocol$ConnectionHandler.process(AbstractProtocol.java:798)
	at org.apache.tomcat.util.net.NioEndpoint$SocketProcessor.doRun(NioEndpoint.java:1441)
	at org.apache.tomcat.util.net.SocketProcessorBase.run(SocketProcessorBase.java:49)
	at java.util.concurrent.ThreadPoolExecutor.runWorker(ThreadPoolExecutor.java:1149)
	at java.util.concurrent.ThreadPoolExecutor$Worker.run(ThreadPoolExecutor.java:624)
	at org.apache.tomcat.util.threads.TaskThread$WrappingRunnable.run(TaskThread.java:61)
	at java.lang.Thread.run(Thread.java:748)

20-Mar-2021 11:38:04.791 INFO [Thread-4] org.apache.coyote.AbstractProtocol.pause Pausing ProtocolHandler ["http-nio-8080"]
20-Mar-2021 11:38:04.812 INFO [Thread-4] org.apache.catalina.core.StandardService.stopInternal Stopping service Catalina
20-Mar-2021 11:38:04.847 INFO [Thread-4] org.apache.coyote.AbstractProtocol.stop Stopping ProtocolHandler ["http-nio-8080"]
20-Mar-2021 11:38:04.880 INFO [Thread-4] org.apache.coyote.AbstractProtocol.destroy Destroying ProtocolHandler ["http-nio-8080"]
