2021-03-30 12:44:13,050 [http-nio-8080-exec-6] WARN  TRANSLATION - Missing translation security.form.button.changeUser for locale et_EE
2021-03-30 12:44:13,050 [http-nio-8080-exec-6] WARN  TRANSLATION - Missing translation security.form.label.password for locale et_EE
2021-03-30 12:44:13,050 [http-nio-8080-exec-6] WARN  TRANSLATION - Missing translation security.form.button.cancel for locale et_EE
2021-03-30 12:44:13,050 [http-nio-8080-exec-6] WARN  TRANSLATION - Missing translation security.form.link.forgotPassword for locale et_EE
2021-03-30 12:44:13,050 [http-nio-8080-exec-6] WARN  TRANSLATION - Missing translation security.message.passwordReset.mail.body for locale et_EE
2021-03-30 12:44:13,050 [http-nio-8080-exec-6] WARN  TRANSLATION - Missing translation security.message.logoutContent for locale et_EE
2021-03-30 12:44:13,050 [http-nio-8080-exec-6] WARN  TRANSLATION - Missing translation security.form.label.rememberMe for locale et_EE
2021-03-30 12:44:13,051 [http-nio-8080-exec-6] WARN  TRANSLATION - Missing translation security.message.error.selfDeletion for locale et_EE
2021-03-30 12:44:13,051 [http-nio-8080-exec-6] WARN  TRANSLATION - Missing translation security.message.invalidMailAddressContent for locale et_EE
2021-03-30 12:44:13,051 [http-nio-8080-exec-6] WARN  TRANSLATION - Missing translation security.form.label.login for locale et_EE
2021-03-30 12:44:13,051 [http-nio-8080-exec-6] WARN  TRANSLATION - Missing translation security.message.wrongLogin for locale et_EE
2021-03-30 12:44:13,051 [http-nio-8080-exec-6] WARN  TRANSLATION - Missing translation security.message.passwordReset.successContent for locale et_EE
2021-03-30 12:44:13,051 [http-nio-8080-exec-6] WARN  TRANSLATION - Missing translation security.form.content.passwordReset for locale et_EE
2021-03-30 12:44:13,051 [http-nio-8080-exec-6] WARN  TRANSLATION - Missing translation security.message.accessDenied.header for locale et_EE
2021-03-30 12:44:13,051 [http-nio-8080-exec-6] WARN  TRANSLATION - Missing translation security.form.header for locale et_EE
2021-03-30 12:44:13,051 [http-nio-8080-exec-6] WARN  TRANSLATION - Missing translation security.message.timeoutHeader for locale et_EE
2021-03-30 12:44:13,051 [http-nio-8080-exec-6] WARN  TRANSLATION - Missing translation security.message.passwordReset.successHeader for locale et_EE
2021-03-30 12:44:13,051 [http-nio-8080-exec-6] WARN  TRANSLATION - Missing translation security.message.loginNotFound for locale et_EE
2021-03-30 12:44:13,051 [http-nio-8080-exec-6] WARN  TRANSLATION - Missing translation security.message.errorContent for locale et_EE
2021-03-30 12:44:13,051 [http-nio-8080-exec-6] WARN  TRANSLATION - Missing translation security.message.invalidMailConfigContent for locale et_EE
2021-03-30 12:44:13,051 [http-nio-8080-exec-6] WARN  TRANSLATION - Missing translation security.message.passwordReset.mail.topic for locale et_EE
2021-03-30 12:44:13,051 [http-nio-8080-exec-6] WARN  TRANSLATION - Missing translation security.form.label.language for locale et_EE
2021-03-30 12:44:13,051 [http-nio-8080-exec-6] WARN  TRANSLATION - Missing translation security.form.header.passwordReset for locale et_EE
2021-03-30 12:44:13,051 [http-nio-8080-exec-6] WARN  TRANSLATION - Missing translation security.message.timeoutContent for locale et_EE
2021-03-30 12:44:13,051 [http-nio-8080-exec-6] WARN  TRANSLATION - Missing translation security.message.accessDenied.info for locale et_EE
2021-03-30 12:44:13,051 [http-nio-8080-exec-6] WARN  TRANSLATION - Missing translation security.message.errorHeader for locale et_EE
2021-03-30 12:44:13,051 [http-nio-8080-exec-6] WARN  TRANSLATION - Missing translation security.message.wrongPassword for locale et_EE
2021-03-30 12:44:13,051 [http-nio-8080-exec-6] WARN  TRANSLATION - Missing translation security.form.button.passwordReset for locale et_EE
2021-03-30 12:44:13,051 [http-nio-8080-exec-6] WARN  TRANSLATION - Missing translation security.form.button.logIn for locale et_EE
2021-03-30 12:44:13,051 [http-nio-8080-exec-6] WARN  TRANSLATION - Missing translation security.message.logoutHeader for locale et_EE
2021-03-30 12:44:15,400 [http-nio-8080-exec-8] WARN  TRANSLATION - Missing translation qcadooView.browserNotSupported.header for locale et_EE
2021-03-30 12:44:15,400 [http-nio-8080-exec-8] WARN  TRANSLATION - Missing translation qcadooView.browserNotSupported.content for locale et_EE
2021-03-30 12:44:15,400 [http-nio-8080-exec-8] WARN  TRANSLATION - Missing translation qcadooView.browserNotSupported.listFromVersion for locale et_EE
2021-03-30 12:44:15,400 [http-nio-8080-exec-8] WARN  TRANSLATION - Missing translation qcadooView.browserNotSupported.listHeader for locale et_EE
