2021-03-30 12:43:24,079 [localhost-startStop-1] INFO  com.qcadoo.view.internal.internal.ViewComponentsResolverImpl - Registering view component button
2021-03-30 12:43:24,080 [localhost-startStop-1] INFO  com.qcadoo.view.internal.internal.ViewComponentsResolverImpl - Registering view component label
2021-03-30 12:43:24,087 [localhost-startStop-1] INFO  com.qcadoo.view.internal.internal.ViewComponentsResolverImpl - Registering view component checkbox
2021-03-30 12:43:24,088 [localhost-startStop-1] INFO  com.qcadoo.view.internal.internal.ViewComponentsResolverImpl - Registering view component calendar
2021-03-30 12:43:24,093 [localhost-startStop-1] INFO  com.qcadoo.view.internal.internal.ViewComponentsResolverImpl - Registering view component password
2021-03-30 12:43:24,095 [localhost-startStop-1] INFO  com.qcadoo.view.internal.internal.ViewComponentsResolverImpl - Registering view component form
2021-03-30 12:43:24,105 [localhost-startStop-1] INFO  com.qcadoo.view.internal.internal.ViewComponentsResolverImpl - Registering view component grid
2021-03-30 12:43:24,113 [localhost-startStop-1] INFO  com.qcadoo.view.internal.internal.ViewComponentsResolverImpl - Registering view component separatorLine
2021-03-30 12:43:24,114 [localhost-startStop-1] INFO  com.qcadoo.view.internal.internal.ViewComponentsResolverImpl - Registering view component textarea
2021-03-30 12:43:24,115 [localhost-startStop-1] INFO  com.qcadoo.view.internal.internal.ViewComponentsResolverImpl - Registering view component input
2021-03-30 12:43:24,116 [localhost-startStop-1] INFO  com.qcadoo.view.internal.internal.ViewComponentsResolverImpl - Registering view component hidden
2021-03-30 12:43:24,118 [localhost-startStop-1] INFO  com.qcadoo.view.internal.internal.ViewComponentsResolverImpl - Registering view component file
2021-03-30 12:43:24,119 [localhost-startStop-1] INFO  com.qcadoo.view.internal.internal.ViewComponentsResolverImpl - Registering view component awesomeDynamicList
2021-03-30 12:43:24,120 [localhost-startStop-1] INFO  com.qcadoo.view.internal.internal.ViewComponentsResolverImpl - Registering view component staticPage
2021-03-30 12:43:24,120 [localhost-startStop-1] INFO  com.qcadoo.view.internal.internal.ViewComponentsResolverImpl - Registering view component window
2021-03-30 12:43:24,130 [localhost-startStop-1] INFO  com.qcadoo.view.internal.internal.ViewComponentsResolverImpl - Registering view component tree
2021-03-30 12:43:24,132 [localhost-startStop-1] INFO  com.qcadoo.view.internal.internal.ViewComponentsResolverImpl - Registering view component select
2021-03-30 12:43:24,134 [localhost-startStop-1] INFO  com.qcadoo.view.internal.internal.ViewComponentsResolverImpl - Registering view component lookup
2021-03-30 12:43:24,136 [localhost-startStop-1] INFO  com.qcadoo.view.internal.internal.ViewComponentsResolverImpl - Registering view component verticalLayout
2021-03-30 12:43:24,146 [localhost-startStop-1] INFO  com.qcadoo.view.internal.internal.ViewComponentsResolverImpl - Registering view component gridLayout
2021-03-30 12:43:24,148 [localhost-startStop-1] INFO  com.qcadoo.view.internal.internal.ViewComponentsResolverImpl - Registering view component flowGridLayout
2021-03-30 12:43:24,153 [localhost-startStop-1] INFO  com.qcadoo.view.internal.internal.ViewComponentsResolverImpl - Registering view component borderLayout
2021-03-30 12:43:24,154 [localhost-startStop-1] INFO  com.qcadoo.view.internal.internal.ViewComponentsResolverImpl - Registering view component flowLayout
2021-03-30 12:43:24,156 [localhost-startStop-1] INFO  com.qcadoo.view.internal.internal.ViewComponentsResolverImpl - Registering view component smallTabLayout
2021-03-30 12:43:24,163 [localhost-startStop-1] INFO  com.qcadoo.view.internal.internal.ViewComponentsResolverImpl - Registering view component ganttChart
2021-03-30 12:43:24,164 [localhost-startStop-1] INFO  com.qcadoo.view.internal.internal.ViewComponentsResolverImpl - Registering view component time
2021-03-30 12:43:24,169 [localhost-startStop-1] INFO  com.qcadoo.view.internal.internal.ViewComponentsResolverImpl - Registering view component inputWithAction
2021-03-30 12:43:51,156 [localhost-startStop-1] INFO  com.qcadoo.view.internal.xml.ViewDefinitionParserImpl - Reading view systemInfo for plugin qcadooView
2021-03-30 12:43:51,257 [localhost-startStop-1] INFO  com.qcadoo.view.internal.xml.ViewDefinitionParserImpl - Reading view fileUpload for plugin qcadooView
2021-03-30 12:43:51,264 [localhost-startStop-1] INFO  com.qcadoo.view.internal.xml.ViewDefinitionParserImpl - Reading view customTranslationsList for plugin qcadooCustomTranslations
2021-03-30 12:43:51,455 [localhost-startStop-1] INFO  com.qcadoo.view.internal.xml.ViewDefinitionParserImpl - Reading view customTranslationDetails for plugin qcadooCustomTranslations
2021-03-30 12:43:51,464 [localhost-startStop-1] INFO  com.qcadoo.view.internal.xml.ViewDefinitionParserImpl - Reading view replaceCustomTranslations for plugin qcadooCustomTranslations
2021-03-30 12:43:51,472 [localhost-startStop-1] INFO  com.qcadoo.view.internal.xml.ViewDefinitionParserImpl - Reading view usersList for plugin qcadooUsers
2021-03-30 12:43:51,485 [localhost-startStop-1] INFO  com.qcadoo.view.internal.xml.ViewDefinitionParserImpl - Reading view userDetails for plugin qcadooUsers
2021-03-30 12:43:51,522 [localhost-startStop-1] INFO  com.qcadoo.view.internal.xml.ViewDefinitionParserImpl - Reading view userChangePassword for plugin qcadooUsers
2021-03-30 12:43:51,524 [localhost-startStop-1] INFO  com.qcadoo.view.internal.xml.ViewDefinitionParserImpl - Reading view rolesList for plugin qcadooUsers
2021-03-30 12:43:51,530 [localhost-startStop-1] INFO  com.qcadoo.view.internal.xml.ViewDefinitionParserImpl - Reading view roleDetails for plugin qcadooUsers
2021-03-30 12:43:51,541 [localhost-startStop-1] INFO  com.qcadoo.view.internal.xml.ViewDefinitionParserImpl - Reading view groupsList for plugin qcadooUsers
2021-03-30 12:43:51,543 [localhost-startStop-1] INFO  com.qcadoo.view.internal.xml.ViewDefinitionParserImpl - Reading view groupDetails for plugin qcadooUsers
2021-03-30 12:43:51,584 [localhost-startStop-1] INFO  com.qcadoo.view.internal.xml.ViewDefinitionParserImpl - Reading view profile for plugin qcadooUsers
2021-03-30 12:43:51,904 [localhost-startStop-1] INFO  com.qcadoo.view.internal.xml.ViewDefinitionParserImpl - Reading view profileChangePassword for plugin qcadooUsers
2021-03-30 12:43:51,914 [localhost-startStop-1] INFO  com.qcadoo.view.internal.xml.ViewDefinitionParserImpl - Reading view pluginsList for plugin qcadooPlugins
2021-03-30 12:43:51,923 [localhost-startStop-1] INFO  com.qcadoo.view.internal.xml.ViewDefinitionParserImpl - Reading view pluginDetails for plugin qcadooPlugins
2021-03-30 12:43:52,132 [localhost-startStop-1] INFO  com.qcadoo.view.internal.xml.ViewDefinitionParserImpl - Reading view pluginDownload for plugin qcadooPlugins
2021-03-30 12:43:52,139 [localhost-startStop-1] INFO  com.qcadoo.view.internal.xml.ViewDefinitionParserImpl - Reading view pluginInfo for plugin qcadooPlugins
2021-03-30 12:43:52,142 [localhost-startStop-1] INFO  com.qcadoo.view.internal.xml.ViewDefinitionParserImpl - Reading view restartView for plugin qcadooPlugins
2021-03-30 12:43:52,143 [localhost-startStop-1] INFO  com.qcadoo.view.internal.xml.ViewDefinitionParserImpl - Reading view menuCategoriesList for plugin qcadooMenu
2021-03-30 12:43:52,156 [localhost-startStop-1] INFO  com.qcadoo.view.internal.xml.ViewDefinitionParserImpl - Reading view menuCategoryDetails for plugin qcadooMenu
2021-03-30 12:43:52,166 [localhost-startStop-1] INFO  com.qcadoo.view.internal.xml.ViewDefinitionParserImpl - Reading view menuViewDefinitionItemDetails for plugin qcadooMenu
2021-03-30 12:43:52,346 [localhost-startStop-1] INFO  com.qcadoo.view.internal.xml.ViewDefinitionParserImpl - Reading view dictionariesList for plugin qcadooDictionaries
2021-03-30 12:43:52,355 [localhost-startStop-1] INFO  com.qcadoo.view.internal.xml.ViewDefinitionParserImpl - Reading view dictionaryDetails for plugin qcadooDictionaries
2021-03-30 12:43:52,358 [localhost-startStop-1] INFO  com.qcadoo.view.internal.xml.ViewDefinitionParserImpl - Reading view dictionaryItemDetails for plugin qcadooDictionaries
2021-03-30 12:43:52,371 [localhost-startStop-1] INFO  com.qcadoo.view.internal.xml.ViewDefinitionParserImpl - Reading view unitConversions for plugin qcadooUnitConversions
2021-03-30 12:43:52,381 [localhost-startStop-1] INFO  com.qcadoo.view.internal.xml.ViewDefinitionParserImpl - Reading view reportColumnWidthDetails for plugin basic
2021-03-30 12:43:52,563 [localhost-startStop-1] INFO  com.qcadoo.view.internal.xml.ViewDefinitionParserImpl - Reading view companiesList for plugin basic
2021-03-30 12:43:52,575 [localhost-startStop-1] INFO  com.qcadoo.view.internal.xml.ViewDefinitionParserImpl - Reading view companyDetails for plugin basic
2021-03-30 12:43:52,596 [localhost-startStop-1] INFO  com.qcadoo.view.internal.xml.ViewDefinitionParserImpl - Reading view addressDetails for plugin basic
2021-03-30 12:43:52,607 [localhost-startStop-1] INFO  com.qcadoo.view.internal.xml.ViewDefinitionParserImpl - Reading view countriesList for plugin basic
2021-03-30 12:43:52,611 [localhost-startStop-1] INFO  com.qcadoo.view.internal.xml.ViewDefinitionParserImpl - Reading view countryDetails for plugin basic
2021-03-30 12:43:52,618 [localhost-startStop-1] INFO  com.qcadoo.view.internal.xml.ViewDefinitionParserImpl - Reading view staffsList for plugin basic
2021-03-30 12:43:52,620 [localhost-startStop-1] INFO  com.qcadoo.view.internal.xml.ViewDefinitionParserImpl - Reading view staffDetails for plugin basic
2021-03-30 12:43:53,134 [localhost-startStop-1] INFO  com.qcadoo.view.internal.xml.ViewDefinitionParserImpl - Reading view crewsList for plugin basic
2021-03-30 12:43:53,258 [localhost-startStop-1] INFO  com.qcadoo.view.internal.xml.ViewDefinitionParserImpl - Reading view crewDetails for plugin basic
2021-03-30 12:43:53,266 [localhost-startStop-1] INFO  com.qcadoo.view.internal.xml.ViewDefinitionParserImpl - Reading view shiftsList for plugin basic
2021-03-30 12:43:53,267 [localhost-startStop-1] INFO  com.qcadoo.view.internal.xml.ViewDefinitionParserImpl - Reading view shiftDetails for plugin basic
2021-03-30 12:43:53,279 [localhost-startStop-1] INFO  com.qcadoo.view.internal.xml.ViewDefinitionParserImpl - Reading view shiftTimetableExceptionDetails for plugin basic
2021-03-30 12:43:53,513 [localhost-startStop-1] INFO  com.qcadoo.view.internal.xml.ViewDefinitionParserImpl - Reading view productsList for plugin basic
2021-03-30 12:43:53,523 [localhost-startStop-1] INFO  com.qcadoo.view.internal.xml.ViewDefinitionParserImpl - Reading view productsImport for plugin basic
2021-03-30 12:43:53,525 [localhost-startStop-1] INFO  com.qcadoo.view.internal.xml.ViewDefinitionParserImpl - Reading view productDetails for plugin basic
2021-03-30 12:43:53,699 [localhost-startStop-1] INFO  com.qcadoo.view.internal.xml.ViewDefinitionParserImpl - Reading view productSubstituteDetails for plugin basic
2021-03-30 12:43:53,701 [localhost-startStop-1] INFO  com.qcadoo.view.internal.xml.ViewDefinitionParserImpl - Reading view productSubstituteComponentDetails for plugin basic
2021-03-30 12:43:53,719 [localhost-startStop-1] INFO  com.qcadoo.view.internal.xml.ViewDefinitionParserImpl - Reading view productsFamilies for plugin basic
2021-03-30 12:43:53,740 [localhost-startStop-1] INFO  com.qcadoo.view.internal.xml.ViewDefinitionParserImpl - Reading view productFamiliesAddProduct for plugin basic
2021-03-30 12:43:53,752 [localhost-startStop-1] INFO  com.qcadoo.view.internal.xml.ViewDefinitionParserImpl - Reading view workstationTypesList for plugin basic
2021-03-30 12:43:53,757 [localhost-startStop-1] INFO  com.qcadoo.view.internal.xml.ViewDefinitionParserImpl - Reading view workstationTypeDetails for plugin basic
2021-03-30 12:43:53,765 [localhost-startStop-1] INFO  com.qcadoo.view.internal.xml.ViewDefinitionParserImpl - Reading view divisionsList for plugin basic
2021-03-30 12:43:53,767 [localhost-startStop-1] INFO  com.qcadoo.view.internal.xml.ViewDefinitionParserImpl - Reading view divisionDetails for plugin basic
2021-03-30 12:43:53,955 [localhost-startStop-1] INFO  com.qcadoo.view.internal.xml.ViewDefinitionParserImpl - Reading view parameters for plugin basic
2021-03-30 12:43:53,975 [localhost-startStop-1] INFO  com.qcadoo.view.internal.xml.ViewDefinitionParserImpl - Reading view workstationsList for plugin basic
2021-03-30 12:43:53,976 [localhost-startStop-1] INFO  com.qcadoo.view.internal.xml.ViewDefinitionParserImpl - Reading view workstationDetails for plugin basic
2021-03-30 12:43:54,001 [localhost-startStop-1] INFO  com.qcadoo.view.internal.xml.ViewDefinitionParserImpl - Reading view workstationDetailsAddSubassembly for plugin basic
2021-03-30 12:43:54,016 [localhost-startStop-1] INFO  com.qcadoo.view.internal.xml.ViewDefinitionParserImpl - Reading view factoriesList for plugin basic
2021-03-30 12:43:54,017 [localhost-startStop-1] INFO  com.qcadoo.view.internal.xml.ViewDefinitionParserImpl - Reading view factoryDetails for plugin basic
2021-03-30 12:43:54,026 [localhost-startStop-1] INFO  com.qcadoo.view.internal.xml.ViewDefinitionParserImpl - Reading view subassembliesList for plugin basic
2021-03-30 12:43:54,028 [localhost-startStop-1] INFO  com.qcadoo.view.internal.xml.ViewDefinitionParserImpl - Reading view subassemblyDetails for plugin basic
2021-03-30 12:43:54,045 [localhost-startStop-1] INFO  com.qcadoo.view.internal.xml.ViewDefinitionParserImpl - Reading view palletNumbersList for plugin basic
2021-03-30 12:43:54,062 [localhost-startStop-1] INFO  com.qcadoo.view.internal.xml.ViewDefinitionParserImpl - Reading view palletNumberDetails for plugin basic
2021-03-30 12:43:54,079 [localhost-startStop-1] INFO  com.qcadoo.view.internal.xml.ViewDefinitionParserImpl - Reading view palletNumberHelpersList for plugin basic
2021-03-30 12:43:54,086 [localhost-startStop-1] INFO  com.qcadoo.view.internal.xml.ViewDefinitionParserImpl - Reading view palletNumberHelperDetails for plugin basic
2021-03-30 12:43:54,102 [localhost-startStop-1] INFO  com.qcadoo.view.internal.xml.ViewDefinitionParserImpl - Reading view faultTypesList for plugin basic
2021-03-30 12:43:54,114 [localhost-startStop-1] INFO  com.qcadoo.view.internal.xml.ViewDefinitionParserImpl - Reading view faultTypeDetails for plugin basic
2021-03-30 12:43:54,204 [localhost-startStop-1] INFO  com.qcadoo.view.internal.xml.ViewDefinitionParserImpl - Reading view assortmentsList for plugin basic
2021-03-30 12:43:54,206 [localhost-startStop-1] INFO  com.qcadoo.view.internal.xml.ViewDefinitionParserImpl - Reading view assortmentDetails for plugin basic
2021-03-30 12:43:54,379 [localhost-startStop-1] INFO  com.qcadoo.view.internal.xml.ViewDefinitionParserImpl - Reading view logsList for plugin basic
2021-03-30 12:43:54,380 [localhost-startStop-1] INFO  com.qcadoo.view.internal.xml.ViewDefinitionParserImpl - Reading view logDetails for plugin basic
2021-03-30 12:43:54,386 [localhost-startStop-1] INFO  com.qcadoo.view.internal.xml.ViewDefinitionParserImpl - Reading view exceptionsForLineList for plugin basic
2021-03-30 12:43:54,390 [localhost-startStop-1] INFO  com.qcadoo.view.internal.xml.ViewDefinitionParserImpl - Reading view attachmentsList for plugin basic
2021-03-30 12:43:54,396 [localhost-startStop-1] INFO  com.qcadoo.view.internal.xml.ViewDefinitionParserImpl - Reading view skillsList for plugin basic
2021-03-30 12:43:54,402 [localhost-startStop-1] INFO  com.qcadoo.view.internal.xml.ViewDefinitionParserImpl - Reading view skillDetails for plugin basic
2021-03-30 12:43:54,405 [localhost-startStop-1] INFO  com.qcadoo.view.internal.xml.ViewDefinitionParserImpl - Reading view staffSkillDetails for plugin basic
2021-03-30 12:43:54,423 [localhost-startStop-1] INFO  com.qcadoo.view.internal.xml.ViewDefinitionParserImpl - Reading view skillStaffDetails for plugin basic
2021-03-30 12:43:54,437 [localhost-startStop-1] INFO  com.qcadoo.view.internal.xml.ViewDefinitionParserImpl - Reading view productReplacements for plugin basic
2021-03-30 12:43:54,443 [localhost-startStop-1] INFO  com.qcadoo.view.internal.xml.ViewDefinitionParserImpl - Reading view wageGroupsList for plugin wageGroups
2021-03-30 12:43:54,444 [localhost-startStop-1] INFO  com.qcadoo.view.internal.xml.ViewDefinitionParserImpl - Reading view wageGroupsDetails for plugin wageGroups
2021-03-30 12:43:54,458 [localhost-startStop-1] INFO  com.qcadoo.view.internal.xml.ViewDefinitionParserImpl - Reading view wagesList for plugin wageGroups
2021-03-30 12:43:54,466 [localhost-startStop-1] INFO  com.qcadoo.view.internal.xml.ViewDefinitionParserImpl - Reading view ganttForShifts for plugin ganttForShifts
2021-03-30 12:43:54,474 [localhost-startStop-1] INFO  com.qcadoo.view.internal.xml.ViewDefinitionParserImpl - Reading view productionLinesList for plugin productionLines
2021-03-30 12:43:54,479 [localhost-startStop-1] INFO  com.qcadoo.view.internal.xml.ViewDefinitionParserImpl - Reading view productionLineDetails for plugin productionLines
2021-03-30 12:43:54,510 [localhost-startStop-1] INFO  com.qcadoo.view.internal.xml.ViewDefinitionParserImpl - Reading view workstationTypeComponentDetails for plugin productionLines
2021-03-30 12:43:54,515 [localhost-startStop-1] INFO  com.qcadoo.view.internal.xml.ViewDefinitionParserImpl - Reading view emailNotificationsParameters for plugin emailNotifications
2021-03-30 12:43:54,516 [localhost-startStop-1] INFO  com.qcadoo.view.internal.xml.ViewDefinitionParserImpl - Reading view parameterStaffNotificationsDetails for plugin emailNotifications
2021-03-30 12:43:54,524 [localhost-startStop-1] INFO  com.qcadoo.view.internal.xml.ViewDefinitionParserImpl - Reading view productCatalogNumbersList for plugin productCatalogNumbers
2021-03-30 12:43:54,528 [localhost-startStop-1] INFO  com.qcadoo.view.internal.xml.ViewDefinitionParserImpl - Reading view productCatalogNumbersDetails for plugin productCatalogNumbers
2021-03-30 12:43:54,544 [localhost-startStop-1] INFO  com.qcadoo.view.internal.xml.ViewDefinitionParserImpl - Reading view operationsList for plugin technologies
2021-03-30 12:43:54,549 [localhost-startStop-1] INFO  com.qcadoo.view.internal.xml.ViewDefinitionParserImpl - Reading view operationDetails for plugin technologies
2021-03-30 12:43:54,578 [localhost-startStop-1] INFO  com.qcadoo.view.internal.xml.ViewDefinitionParserImpl - Reading view operationGroupsList for plugin technologies
2021-03-30 12:43:54,586 [localhost-startStop-1] INFO  com.qcadoo.view.internal.xml.ViewDefinitionParserImpl - Reading view operationGroupDetails for plugin technologies
2021-03-30 12:43:54,588 [localhost-startStop-1] INFO  com.qcadoo.view.internal.xml.ViewDefinitionParserImpl - Reading view technologiesList for plugin technologies
2021-03-30 12:43:54,613 [localhost-startStop-1] INFO  com.qcadoo.view.internal.xml.ViewDefinitionParserImpl - Reading view technologyDetails for plugin technologies
2021-03-30 12:43:54,636 [localhost-startStop-1] INFO  com.qcadoo.view.internal.xml.ViewDefinitionParserImpl - Reading view technologyOperationComponentDetails for plugin technologies
2021-03-30 12:43:54,661 [localhost-startStop-1] INFO  com.qcadoo.view.internal.xml.ViewDefinitionParserImpl - Reading view technologyReferenceTechnologyComponentDetails for plugin technologies
2021-03-30 12:43:54,680 [localhost-startStop-1] INFO  com.qcadoo.view.internal.xml.ViewDefinitionParserImpl - Reading view operationProductInComponentDetails for plugin technologies
2021-03-30 12:43:54,693 [localhost-startStop-1] INFO  com.qcadoo.view.internal.xml.ViewDefinitionParserImpl - Reading view operationProductOutComponentDetails for plugin technologies
2021-03-30 12:43:54,698 [localhost-startStop-1] INFO  com.qcadoo.view.internal.xml.ViewDefinitionParserImpl - Reading view technologiesWithUsingProductList for plugin technologies
2021-03-30 12:43:54,717 [localhost-startStop-1] INFO  com.qcadoo.view.internal.xml.ViewDefinitionParserImpl - Reading view technologyGroupsList for plugin technologies
2021-03-30 12:43:54,719 [localhost-startStop-1] INFO  com.qcadoo.view.internal.xml.ViewDefinitionParserImpl - Reading view technologyGroupDetails for plugin technologies
2021-03-30 12:43:54,732 [localhost-startStop-1] INFO  com.qcadoo.view.internal.xml.ViewDefinitionParserImpl - Reading view multiUpload for plugin technologies
2021-03-30 12:43:54,737 [localhost-startStop-1] INFO  com.qcadoo.view.internal.xml.ViewDefinitionParserImpl - Reading view changeTechnologyParameters for plugin technologies
2021-03-30 12:43:54,754 [localhost-startStop-1] INFO  com.qcadoo.view.internal.xml.ViewDefinitionParserImpl - Reading view modifyTechnology for plugin technologies
2021-03-30 12:43:54,775 [localhost-startStop-1] INFO  com.qcadoo.view.internal.xml.ViewDefinitionParserImpl - Reading view operationSkillDetails for plugin technologies
2021-03-30 12:43:54,790 [localhost-startStop-1] INFO  com.qcadoo.view.internal.xml.ViewDefinitionParserImpl - Reading view skillOperationDetails for plugin technologies
2021-03-30 12:43:54,800 [localhost-startStop-1] INFO  com.qcadoo.view.internal.xml.ViewDefinitionParserImpl - Reading view ordersList for plugin orders
2021-03-30 12:43:54,811 [localhost-startStop-1] INFO  com.qcadoo.view.internal.xml.ViewDefinitionParserImpl - Reading view ordersPlanningList for plugin orders
2021-03-30 12:43:54,839 [localhost-startStop-1] INFO  com.qcadoo.view.internal.xml.ViewDefinitionParserImpl - Reading view orderDetails for plugin orders
2021-03-30 12:43:55,194 [localhost-startStop-1] INFO  com.qcadoo.view.internal.xml.ViewDefinitionParserImpl - Reading view schedulesList for plugin orders
2021-03-30 12:43:55,195 [localhost-startStop-1] INFO  com.qcadoo.view.internal.xml.ViewDefinitionParserImpl - Reading view scheduleDetails for plugin orders
2021-03-30 12:43:55,222 [localhost-startStop-1] INFO  com.qcadoo.view.internal.xml.ViewDefinitionParserImpl - Reading view schedulePositionDetails for plugin orders
2021-03-30 12:43:55,231 [localhost-startStop-1] INFO  com.qcadoo.view.internal.xml.ViewDefinitionParserImpl - Reading view ordersParameters for plugin orders
2021-03-30 12:43:55,402 [localhost-startStop-1] INFO  com.qcadoo.view.internal.xml.ViewDefinitionParserImpl - Reading view orderStateChangeDetails for plugin orders
2021-03-30 12:43:55,404 [localhost-startStop-1] INFO  com.qcadoo.view.internal.xml.ViewDefinitionParserImpl - Reading view orderStateChangeReasonDialog for plugin orders
2021-03-30 12:43:55,408 [localhost-startStop-1] INFO  com.qcadoo.view.internal.xml.ViewDefinitionParserImpl - Reading view copyOfTechnologyDetails for plugin orders
2021-03-30 12:43:55,431 [localhost-startStop-1] INFO  com.qcadoo.view.internal.xml.ViewDefinitionParserImpl - Reading view changeDatesDetails for plugin orders
2021-03-30 12:43:55,605 [localhost-startStop-1] INFO  com.qcadoo.view.internal.xml.ViewDefinitionParserImpl - Reading view ordersGenerationFromProducts for plugin orders
2021-03-30 12:43:55,608 [localhost-startStop-1] INFO  com.qcadoo.view.internal.xml.ViewDefinitionParserImpl - Reading view operationalTasksList for plugin orders
2021-03-30 12:43:55,614 [localhost-startStop-1] INFO  com.qcadoo.view.internal.xml.ViewDefinitionParserImpl - Reading view operationalTaskDetails for plugin orders
2021-03-30 12:43:55,638 [localhost-startStop-1] INFO  com.qcadoo.view.internal.xml.ViewDefinitionParserImpl - Reading view operationalTasksParameters for plugin orders
2021-03-30 12:43:55,640 [localhost-startStop-1] INFO  com.qcadoo.view.internal.xml.ViewDefinitionParserImpl - Reading view allStoppages for plugin stoppage
2021-03-30 12:43:55,641 [localhost-startStop-1] INFO  com.qcadoo.view.internal.xml.ViewDefinitionParserImpl - Reading view allStoppagesForm for plugin stoppage
2021-03-30 12:43:55,646 [localhost-startStop-1] INFO  com.qcadoo.view.internal.xml.ViewDefinitionParserImpl - Reading view stoppage for plugin stoppage
2021-03-30 12:43:55,647 [localhost-startStop-1] INFO  com.qcadoo.view.internal.xml.ViewDefinitionParserImpl - Reading view stoppageForm for plugin stoppage
2021-03-30 12:43:55,653 [localhost-startStop-1] INFO  com.qcadoo.view.internal.xml.ViewDefinitionParserImpl - Reading view generator for plugin technologiesGenerator
2021-03-30 12:43:55,675 [localhost-startStop-1] INFO  com.qcadoo.view.internal.xml.ViewDefinitionParserImpl - Reading view recentlyGeneratedTechnologiesList for plugin technologiesGenerator
2021-03-30 12:43:55,676 [localhost-startStop-1] INFO  com.qcadoo.view.internal.xml.ViewDefinitionParserImpl - Reading view technologiesGeneratorParameters for plugin technologiesGenerator
2021-03-30 12:43:55,677 [localhost-startStop-1] INFO  com.qcadoo.view.internal.xml.ViewDefinitionParserImpl - Reading view lineChangeoverNormsList for plugin lineChangeoverNorms
2021-03-30 12:43:55,679 [localhost-startStop-1] INFO  com.qcadoo.view.internal.xml.ViewDefinitionParserImpl - Reading view lineChangeoverNormsDetails for plugin lineChangeoverNorms
2021-03-30 12:43:55,691 [localhost-startStop-1] INFO  com.qcadoo.view.internal.xml.ViewDefinitionParserImpl - Reading view matchingChangeoverNormsDetails for plugin lineChangeoverNorms
2021-03-30 12:43:55,710 [localhost-startStop-1] INFO  com.qcadoo.view.internal.xml.ViewDefinitionParserImpl - Reading view hourlyCostNormsInOrderDetails for plugin costNormsForOperationInOrder
2021-03-30 12:43:55,718 [localhost-startStop-1] INFO  com.qcadoo.view.internal.xml.ViewDefinitionParserImpl - Reading view basicProductionCountingList for plugin basicProductionCounting
2021-03-30 12:43:55,725 [localhost-startStop-1] INFO  com.qcadoo.view.internal.xml.ViewDefinitionParserImpl - Reading view basicProductionCountingDetails for plugin basicProductionCounting
2021-03-30 12:43:55,735 [localhost-startStop-1] INFO  com.qcadoo.view.internal.xml.ViewDefinitionParserImpl - Reading view detailedProductionCountingAndProgressList for plugin basicProductionCounting
2021-03-30 12:43:55,753 [localhost-startStop-1] INFO  com.qcadoo.view.internal.xml.ViewDefinitionParserImpl - Reading view productionCountingQuantityAdvancedDetails for plugin basicProductionCounting
2021-03-30 12:43:55,770 [localhost-startStop-1] INFO  com.qcadoo.view.internal.xml.ViewDefinitionParserImpl - Reading view batchesList for plugin advancedGenealogy
2021-03-30 12:43:55,774 [localhost-startStop-1] INFO  com.qcadoo.view.internal.xml.ViewDefinitionParserImpl - Reading view batchDetails for plugin advancedGenealogy
2021-03-30 12:43:55,793 [localhost-startStop-1] INFO  com.qcadoo.view.internal.xml.ViewDefinitionParserImpl - Reading view trackingRecordsSimpleList for plugin advancedGenealogy
2021-03-30 12:43:55,817 [localhost-startStop-1] INFO  com.qcadoo.view.internal.xml.ViewDefinitionParserImpl - Reading view trackingRecordSimpleDetails for plugin advancedGenealogy
2021-03-30 12:43:55,827 [localhost-startStop-1] INFO  com.qcadoo.view.internal.xml.ViewDefinitionParserImpl - Reading view genealogyTablesList for plugin advancedGenealogy
2021-03-30 12:43:55,828 [localhost-startStop-1] INFO  com.qcadoo.view.internal.xml.ViewDefinitionParserImpl - Reading view genealogyTableDetails for plugin advancedGenealogy
2021-03-30 12:43:55,843 [localhost-startStop-1] INFO  com.qcadoo.view.internal.xml.ViewDefinitionParserImpl - Reading view batchesList for plugin advancedGenealogy
2021-03-30 12:43:55,845 [localhost-startStop-1] INFO  com.qcadoo.view.internal.xml.ViewDefinitionParserImpl - Reading view batchDetails for plugin advancedGenealogy
2021-03-30 12:43:55,851 [localhost-startStop-1] INFO  com.qcadoo.view.internal.xml.ViewDefinitionParserImpl - Reading view trackingRecordsSimpleList for plugin advancedGenealogy
2021-03-30 12:43:55,901 [localhost-startStop-1] INFO  com.qcadoo.view.internal.xml.ViewDefinitionParserImpl - Reading view trackingRecordSimpleDetails for plugin advancedGenealogy
2021-03-30 12:43:55,904 [localhost-startStop-1] INFO  com.qcadoo.view.internal.xml.ViewDefinitionParserImpl - Reading view usedBatchSimpleDetails for plugin advancedGenealogy
2021-03-30 12:43:55,917 [localhost-startStop-1] INFO  com.qcadoo.view.internal.xml.ViewDefinitionParserImpl - Reading view genealogyTree for plugin advancedGenealogy
2021-03-30 12:43:55,931 [localhost-startStop-1] INFO  com.qcadoo.view.internal.xml.ViewDefinitionParserImpl - Reading view advancedGenealogyParameters for plugin advancedGenealogy
2021-03-30 12:43:55,932 [localhost-startStop-1] INFO  com.qcadoo.view.internal.xml.ViewDefinitionParserImpl - Reading view locationDetails for plugin materialFlow
2021-03-30 12:43:55,937 [localhost-startStop-1] INFO  com.qcadoo.view.internal.xml.ViewDefinitionParserImpl - Reading view locationsList for plugin materialFlow
2021-03-30 12:43:55,942 [localhost-startStop-1] INFO  com.qcadoo.view.internal.xml.ViewDefinitionParserImpl - Reading view materialsInLocationComponentDetails for plugin materialFlow
2021-03-30 12:43:55,950 [localhost-startStop-1] INFO  com.qcadoo.view.internal.xml.ViewDefinitionParserImpl - Reading view materialsInLocationDetails for plugin materialFlow
2021-03-30 12:43:55,955 [localhost-startStop-1] INFO  com.qcadoo.view.internal.xml.ViewDefinitionParserImpl - Reading view materialsInLocationsList for plugin materialFlow
2021-03-30 12:43:55,957 [localhost-startStop-1] INFO  com.qcadoo.view.internal.xml.ViewDefinitionParserImpl - Reading view stockCorrectionDetails for plugin materialFlow
2021-03-30 12:43:55,979 [localhost-startStop-1] INFO  com.qcadoo.view.internal.xml.ViewDefinitionParserImpl - Reading view stockCorrectionsList for plugin materialFlow
2021-03-30 12:43:55,983 [localhost-startStop-1] INFO  com.qcadoo.view.internal.xml.ViewDefinitionParserImpl - Reading view transferDetails for plugin materialFlow
2021-03-30 12:43:55,991 [localhost-startStop-1] INFO  com.qcadoo.view.internal.xml.ViewDefinitionParserImpl - Reading view transfersList for plugin materialFlow
2021-03-30 12:43:55,993 [localhost-startStop-1] INFO  com.qcadoo.view.internal.xml.ViewDefinitionParserImpl - Reading view transformationsDetails for plugin materialFlow
2021-03-30 12:43:56,012 [localhost-startStop-1] INFO  com.qcadoo.view.internal.xml.ViewDefinitionParserImpl - Reading view transformationsList for plugin materialFlow
2021-03-30 12:43:56,018 [localhost-startStop-1] INFO  com.qcadoo.view.internal.xml.ViewDefinitionParserImpl - Reading view companyProductDetails for plugin deliveries
2021-03-30 12:43:56,020 [localhost-startStop-1] INFO  com.qcadoo.view.internal.xml.ViewDefinitionParserImpl - Reading view companyProductsFamilyDetails for plugin deliveries
2021-03-30 12:43:56,021 [localhost-startStop-1] INFO  com.qcadoo.view.internal.xml.ViewDefinitionParserImpl - Reading view productCompanyDetails for plugin deliveries
2021-03-30 12:43:56,030 [localhost-startStop-1] INFO  com.qcadoo.view.internal.xml.ViewDefinitionParserImpl - Reading view productsFamilyCompanyDetails for plugin deliveries
2021-03-30 12:43:56,038 [localhost-startStop-1] INFO  com.qcadoo.view.internal.xml.ViewDefinitionParserImpl - Reading view deliveriesList for plugin deliveries
2021-03-30 12:43:56,059 [localhost-startStop-1] INFO  com.qcadoo.view.internal.xml.ViewDefinitionParserImpl - Reading view deliveryDetails for plugin deliveries
2021-03-30 12:43:56,256 [localhost-startStop-1] INFO  com.qcadoo.view.internal.xml.ViewDefinitionParserImpl - Reading view deliveredProductDetails for plugin deliveries
2021-03-30 12:43:56,290 [localhost-startStop-1] INFO  com.qcadoo.view.internal.xml.ViewDefinitionParserImpl - Reading view deliveredProductReservationDetails for plugin deliveries
2021-03-30 12:43:56,305 [localhost-startStop-1] INFO  com.qcadoo.view.internal.xml.ViewDefinitionParserImpl - Reading view deliveredProductAddMulti for plugin deliveries
2021-03-30 12:43:56,332 [localhost-startStop-1] INFO  com.qcadoo.view.internal.xml.ViewDefinitionParserImpl - Reading view orderedProductDetails for plugin deliveries
2021-03-30 12:43:56,350 [localhost-startStop-1] INFO  com.qcadoo.view.internal.xml.ViewDefinitionParserImpl - Reading view orderedProductReservationDetails for plugin deliveries
2021-03-30 12:43:56,365 [localhost-startStop-1] INFO  com.qcadoo.view.internal.xml.ViewDefinitionParserImpl - Reading view supplyItems for plugin deliveries
2021-03-30 12:43:56,376 [localhost-startStop-1] INFO  com.qcadoo.view.internal.xml.ViewDefinitionParserImpl - Reading view supplyParameters for plugin deliveries
2021-03-30 12:43:56,382 [localhost-startStop-1] INFO  com.qcadoo.view.internal.xml.ViewDefinitionParserImpl - Reading view parameterOrderColumnDetails for plugin deliveries
2021-03-30 12:43:56,387 [localhost-startStop-1] INFO  com.qcadoo.view.internal.xml.ViewDefinitionParserImpl - Reading view deliveryByPalletTypeReportDetails for plugin deliveries
2021-03-30 12:43:56,402 [localhost-startStop-1] INFO  com.qcadoo.view.internal.xml.ViewDefinitionParserImpl - Reading view changeStorageLocationHelper for plugin deliveries
2021-03-30 12:43:56,412 [localhost-startStop-1] INFO  com.qcadoo.view.internal.xml.ViewDefinitionParserImpl - Reading view lineChangeoverNormsForOrderDetails for plugin lineChangeoverNormsForOrders
2021-03-30 12:43:56,428 [localhost-startStop-1] INFO  com.qcadoo.view.internal.xml.ViewDefinitionParserImpl - Reading view materialRequirementsList for plugin materialRequirements
2021-03-30 12:43:56,435 [localhost-startStop-1] INFO  com.qcadoo.view.internal.xml.ViewDefinitionParserImpl - Reading view materialRequirementDetails for plugin materialRequirements
2021-03-30 12:43:56,450 [localhost-startStop-1] INFO  com.qcadoo.view.internal.xml.ViewDefinitionParserImpl - Reading view generateTimeGaps for plugin timeGapsPreview
2021-03-30 12:43:56,461 [localhost-startStop-1] INFO  com.qcadoo.view.internal.xml.ViewDefinitionParserImpl - Reading view productsLookup for plugin materialFlowResources
2021-03-30 12:43:56,462 [localhost-startStop-1] INFO  com.qcadoo.view.internal.xml.ViewDefinitionParserImpl - Reading view resourceDetails for plugin materialFlowResources
2021-03-30 12:43:56,483 [localhost-startStop-1] INFO  com.qcadoo.view.internal.xml.ViewDefinitionParserImpl - Reading view resourcesList for plugin materialFlowResources
2021-03-30 12:43:56,492 [localhost-startStop-1] INFO  com.qcadoo.view.internal.xml.ViewDefinitionParserImpl - Reading view documentDetails for plugin materialFlowResources
2021-03-30 12:43:56,519 [localhost-startStop-1] INFO  com.qcadoo.view.internal.xml.ViewDefinitionParserImpl - Reading view documentsList for plugin materialFlowResources
2021-03-30 12:43:56,538 [localhost-startStop-1] INFO  com.qcadoo.view.internal.xml.ViewDefinitionParserImpl - Reading view warehouseStocksList for plugin materialFlowResources
2021-03-30 12:43:56,558 [localhost-startStop-1] INFO  com.qcadoo.view.internal.xml.ViewDefinitionParserImpl - Reading view resourceCorrectionsList for plugin materialFlowResources
2021-03-30 12:43:56,568 [localhost-startStop-1] INFO  com.qcadoo.view.internal.xml.ViewDefinitionParserImpl - Reading view resourceCorrectionDetails for plugin materialFlowResources
2021-03-30 12:43:56,575 [localhost-startStop-1] INFO  com.qcadoo.view.internal.xml.ViewDefinitionParserImpl - Reading view documentPositionsList for plugin materialFlowResources
2021-03-30 12:43:56,588 [localhost-startStop-1] INFO  com.qcadoo.view.internal.xml.ViewDefinitionParserImpl - Reading view costNormsGenerator for plugin materialFlowResources
2021-03-30 12:43:56,606 [localhost-startStop-1] INFO  com.qcadoo.view.internal.xml.ViewDefinitionParserImpl - Reading view storageLocationsMultiAdd for plugin materialFlowResources
2021-03-30 12:43:56,625 [localhost-startStop-1] INFO  com.qcadoo.view.internal.xml.ViewDefinitionParserImpl - Reading view storageLocationsDetails for plugin materialFlowResources
2021-03-30 12:43:56,637 [localhost-startStop-1] INFO  com.qcadoo.view.internal.xml.ViewDefinitionParserImpl - Reading view storageLocationList for plugin materialFlowResources
2021-03-30 12:43:56,640 [localhost-startStop-1] INFO  com.qcadoo.view.internal.xml.ViewDefinitionParserImpl - Reading view reservationsList for plugin materialFlowResources
2021-03-30 12:43:56,662 [localhost-startStop-1] INFO  com.qcadoo.view.internal.xml.ViewDefinitionParserImpl - Reading view storageLocationsStateList for plugin materialFlowResources
2021-03-30 12:43:56,673 [localhost-startStop-1] INFO  com.qcadoo.view.internal.xml.ViewDefinitionParserImpl - Reading view palletStorageStateList for plugin materialFlowResources
2021-03-30 12:43:56,693 [localhost-startStop-1] INFO  com.qcadoo.view.internal.xml.ViewDefinitionParserImpl - Reading view palletStorageStateDetails for plugin materialFlowResources
2021-03-30 12:43:56,703 [localhost-startStop-1] INFO  com.qcadoo.view.internal.xml.ViewDefinitionParserImpl - Reading view palletMoveToStorageLocationHelper for plugin materialFlowResources
2021-03-30 12:43:56,724 [localhost-startStop-1] INFO  com.qcadoo.view.internal.xml.ViewDefinitionParserImpl - Reading view palletResourcesTransferHelper for plugin materialFlowResources
2021-03-30 12:43:56,747 [localhost-startStop-1] INFO  com.qcadoo.view.internal.xml.ViewDefinitionParserImpl - Reading view palletBalanceDetails for plugin materialFlowResources
2021-03-30 12:43:56,770 [localhost-startStop-1] INFO  com.qcadoo.view.internal.xml.ViewDefinitionParserImpl - Reading view palletBalancesList for plugin materialFlowResources
2021-03-30 12:43:56,771 [localhost-startStop-1] INFO  com.qcadoo.view.internal.xml.ViewDefinitionParserImpl - Reading view productStorageLocationHistoryDetails for plugin materialFlowResources
2021-03-30 12:43:56,777 [localhost-startStop-1] INFO  com.qcadoo.view.internal.xml.ViewDefinitionParserImpl - Reading view stocktakingDetails for plugin materialFlowResources
2021-03-30 12:43:56,792 [localhost-startStop-1] INFO  com.qcadoo.view.internal.xml.ViewDefinitionParserImpl - Reading view stocktakingsList for plugin materialFlowResources
2021-03-30 12:43:56,793 [localhost-startStop-1] INFO  com.qcadoo.view.internal.xml.ViewDefinitionParserImpl - Reading view warehouseStockReportDetails for plugin materialFlowResources
2021-03-30 12:43:56,810 [localhost-startStop-1] INFO  com.qcadoo.view.internal.xml.ViewDefinitionParserImpl - Reading view warehouseStockReportsList for plugin materialFlowResources
2021-03-30 12:43:56,814 [localhost-startStop-1] INFO  com.qcadoo.view.internal.xml.ViewDefinitionParserImpl - Reading view importStorageLocationList for plugin materialFlowResources
2021-03-30 12:43:56,822 [localhost-startStop-1] INFO  com.qcadoo.view.internal.xml.ViewDefinitionParserImpl - Reading view positionAddMulti for plugin materialFlowResources
2021-03-30 12:43:56,838 [localhost-startStop-1] INFO  com.qcadoo.view.internal.xml.ViewDefinitionParserImpl - Reading view materialFlowResourcesParameters for plugin materialFlowResources
2021-03-30 12:43:56,850 [localhost-startStop-1] INFO  com.qcadoo.view.internal.xml.ViewDefinitionParserImpl - Reading view documentPositionParametersItemDetails for plugin materialFlowResources
2021-03-30 12:43:56,854 [localhost-startStop-1] INFO  com.qcadoo.view.internal.xml.ViewDefinitionParserImpl - Reading view masterOrdersList for plugin masterOrders
2021-03-30 12:43:56,867 [localhost-startStop-1] INFO  com.qcadoo.view.internal.xml.ViewDefinitionParserImpl - Reading view masterOrderDetails for plugin masterOrders
2021-03-30 12:43:56,890 [localhost-startStop-1] INFO  com.qcadoo.view.internal.xml.ViewDefinitionParserImpl - Reading view masterOrderProductDetails for plugin masterOrders
2021-03-30 12:43:56,905 [localhost-startStop-1] INFO  com.qcadoo.view.internal.xml.ViewDefinitionParserImpl - Reading view masterOrderDefinitionDetails for plugin masterOrders
2021-03-30 12:43:56,913 [localhost-startStop-1] INFO  com.qcadoo.view.internal.xml.ViewDefinitionParserImpl - Reading view masterOrderPositionsList for plugin masterOrders
2021-03-30 12:43:56,923 [localhost-startStop-1] INFO  com.qcadoo.view.internal.xml.ViewDefinitionParserImpl - Reading view warehouseMinimumStateList for plugin warehouseMinimalState
2021-03-30 12:43:56,935 [localhost-startStop-1] INFO  com.qcadoo.view.internal.xml.ViewDefinitionParserImpl - Reading view warehouseMinimumStateDetails for plugin warehouseMinimalState
2021-03-30 12:43:56,946 [localhost-startStop-1] INFO  com.qcadoo.view.internal.xml.ViewDefinitionParserImpl - Reading view warehouseMinimumStateAddMulti for plugin warehouseMinimalState
2021-03-30 12:43:57,023 [localhost-startStop-1] INFO  com.qcadoo.view.internal.xml.ViewDefinitionParserImpl - Reading view costNormsForMaterialsInOrderList for plugin costNormsForMaterials
2021-03-30 12:43:57,028 [localhost-startStop-1] INFO  com.qcadoo.view.internal.xml.ViewDefinitionParserImpl - Reading view costNormsForMaterialsInOrderDetails for plugin costNormsForMaterials
2021-03-30 12:43:57,042 [localhost-startStop-1] INFO  com.qcadoo.view.internal.xml.ViewDefinitionParserImpl - Reading view costNormsForMaterialsInTechnologyList for plugin costNormsForMaterials
2021-03-30 12:43:57,046 [localhost-startStop-1] INFO  com.qcadoo.view.internal.xml.ViewDefinitionParserImpl - Reading view orderTimePrediction for plugin productionScheduling
2021-03-30 12:43:57,066 [localhost-startStop-1] INFO  com.qcadoo.view.internal.xml.ViewDefinitionParserImpl - Reading view operationDurationDetailsInOrder for plugin productionScheduling
2021-03-30 12:43:57,082 [localhost-startStop-1] INFO  com.qcadoo.view.internal.xml.ViewDefinitionParserImpl - Reading view machinePartsList for plugin cmmsMachineParts
2021-03-30 12:43:57,084 [localhost-startStop-1] INFO  com.qcadoo.view.internal.xml.ViewDefinitionParserImpl - Reading view machinePartDetails for plugin cmmsMachineParts
2021-03-30 12:43:57,101 [localhost-startStop-1] INFO  com.qcadoo.view.internal.xml.ViewDefinitionParserImpl - Reading view productSubstituteComponentDetails for plugin cmmsMachineParts
2021-03-30 12:43:57,107 [localhost-startStop-1] INFO  com.qcadoo.view.internal.xml.ViewDefinitionParserImpl - Reading view actionsList for plugin cmmsMachineParts
2021-03-30 12:43:57,129 [localhost-startStop-1] INFO  com.qcadoo.view.internal.xml.ViewDefinitionParserImpl - Reading view actionDetails for plugin cmmsMachineParts
2021-03-30 12:43:57,151 [localhost-startStop-1] INFO  com.qcadoo.view.internal.xml.ViewDefinitionParserImpl - Reading view eventsList for plugin cmmsMachineParts
2021-03-30 12:43:57,193 [localhost-startStop-1] INFO  com.qcadoo.view.internal.xml.ViewDefinitionParserImpl - Reading view maintenanceEventDetails for plugin cmmsMachineParts
2021-03-30 12:43:57,211 [localhost-startStop-1] INFO  com.qcadoo.view.internal.xml.ViewDefinitionParserImpl - Reading view addNewEvent for plugin cmmsMachineParts
2021-03-30 12:43:57,222 [localhost-startStop-1] INFO  com.qcadoo.view.internal.xml.ViewDefinitionParserImpl - Reading view staffWorkTimeDetails for plugin cmmsMachineParts
2021-03-30 12:43:57,395 [localhost-startStop-1] INFO  com.qcadoo.view.internal.xml.ViewDefinitionParserImpl - Reading view machinePartForEventDetails for plugin cmmsMachineParts
2021-03-30 12:43:57,403 [localhost-startStop-1] INFO  com.qcadoo.view.internal.xml.ViewDefinitionParserImpl - Reading view maintenanceEventStateChangeReasonDialog for plugin cmmsMachineParts
2021-03-30 12:43:57,411 [localhost-startStop-1] INFO  com.qcadoo.view.internal.xml.ViewDefinitionParserImpl - Reading view maintenanceEventToPlannedEventDialog for plugin cmmsMachineParts
2021-03-30 12:43:57,418 [localhost-startStop-1] INFO  com.qcadoo.view.internal.xml.ViewDefinitionParserImpl - Reading view oldSolutionsSubassembly for plugin cmmsMachineParts
2021-03-30 12:43:57,421 [localhost-startStop-1] INFO  com.qcadoo.view.internal.xml.ViewDefinitionParserImpl - Reading view oldSolutionsWorkstation for plugin cmmsMachineParts
2021-03-30 12:43:57,422 [localhost-startStop-1] INFO  com.qcadoo.view.internal.xml.ViewDefinitionParserImpl - Reading view oldSolutionsLine for plugin cmmsMachineParts
2021-03-30 12:43:57,423 [localhost-startStop-1] INFO  com.qcadoo.view.internal.xml.ViewDefinitionParserImpl - Reading view oldSolutionsDivision for plugin cmmsMachineParts
2021-03-30 12:43:57,424 [localhost-startStop-1] INFO  com.qcadoo.view.internal.xml.ViewDefinitionParserImpl - Reading view sourceCostDetails for plugin cmmsMachineParts
2021-03-30 12:43:57,434 [localhost-startStop-1] INFO  com.qcadoo.view.internal.xml.ViewDefinitionParserImpl - Reading view sourceCostList for plugin cmmsMachineParts
2021-03-30 12:43:57,441 [localhost-startStop-1] INFO  com.qcadoo.view.internal.xml.ViewDefinitionParserImpl - Reading view plannedEventsList for plugin cmmsMachineParts
2021-03-30 12:43:57,622 [localhost-startStop-1] INFO  com.qcadoo.view.internal.xml.ViewDefinitionParserImpl - Reading view plannedEventDetails for plugin cmmsMachineParts
2021-03-30 12:43:57,645 [localhost-startStop-1] INFO  com.qcadoo.view.internal.xml.ViewDefinitionParserImpl - Reading view plannedEventActions for plugin cmmsMachineParts
2021-03-30 12:43:57,790 [localhost-startStop-1] INFO  com.qcadoo.view.internal.xml.ViewDefinitionParserImpl - Reading view actionForPlannedEventDetails for plugin cmmsMachineParts
2021-03-30 12:43:57,806 [localhost-startStop-1] INFO  com.qcadoo.view.internal.xml.ViewDefinitionParserImpl - Reading view plannedEventRealizationDetails for plugin cmmsMachineParts
2021-03-30 12:43:57,823 [localhost-startStop-1] INFO  com.qcadoo.view.internal.xml.ViewDefinitionParserImpl - Reading view plannedEventStateChangeReasonDialog for plugin cmmsMachineParts
2021-03-30 12:43:57,834 [localhost-startStop-1] INFO  com.qcadoo.view.internal.xml.ViewDefinitionParserImpl - Reading view timeUsageReport for plugin cmmsMachineParts
2021-03-30 12:43:57,840 [localhost-startStop-1] INFO  com.qcadoo.view.internal.xml.ViewDefinitionParserImpl - Reading view sourceCostReports for plugin cmmsMachineParts
2021-03-30 12:43:57,848 [localhost-startStop-1] INFO  com.qcadoo.view.internal.xml.ViewDefinitionParserImpl - Reading view workTimeForUserList for plugin cmmsMachineParts
2021-03-30 12:43:57,855 [localhost-startStop-1] INFO  com.qcadoo.view.internal.xml.ViewDefinitionParserImpl - Reading view addActionsForPlannedEvent for plugin cmmsMachineParts
2021-03-30 12:43:57,863 [localhost-startStop-1] INFO  com.qcadoo.view.internal.xml.ViewDefinitionParserImpl - Reading view simpleMaterialBalanceList for plugin simpleMaterialBalance
2021-03-30 12:43:57,864 [localhost-startStop-1] INFO  com.qcadoo.view.internal.xml.ViewDefinitionParserImpl - Reading view simpleMaterialBalanceDetails for plugin simpleMaterialBalance
2021-03-30 12:43:57,872 [localhost-startStop-1] INFO  com.qcadoo.view.internal.xml.ViewDefinitionParserImpl - Reading view simpleMaterialBalanceOrdersComponentDetails for plugin simpleMaterialBalance
2021-03-30 12:43:57,877 [localhost-startStop-1] INFO  com.qcadoo.view.internal.xml.ViewDefinitionParserImpl - Reading view simpleMaterialBalanceLocationsComponentDetails for plugin simpleMaterialBalance
2021-03-30 12:43:57,879 [localhost-startStop-1] INFO  com.qcadoo.view.internal.xml.ViewDefinitionParserImpl - Reading view costCalculationList for plugin costCalculation
2021-03-30 12:43:57,881 [localhost-startStop-1] INFO  com.qcadoo.view.internal.xml.ViewDefinitionParserImpl - Reading view costCalculationDetails for plugin costCalculation
2021-03-30 12:43:57,907 [localhost-startStop-1] INFO  com.qcadoo.view.internal.xml.ViewDefinitionParserImpl - Reading view assignmentToShiftList for plugin assignmentToShift
2021-03-30 12:43:57,921 [localhost-startStop-1] INFO  com.qcadoo.view.internal.xml.ViewDefinitionParserImpl - Reading view assignmentToShiftReportList for plugin assignmentToShift
2021-03-30 12:43:57,923 [localhost-startStop-1] INFO  com.qcadoo.view.internal.xml.ViewDefinitionParserImpl - Reading view assignmentToShiftDetails for plugin assignmentToShift
2021-03-30 12:43:57,936 [localhost-startStop-1] INFO  com.qcadoo.view.internal.xml.ViewDefinitionParserImpl - Reading view staffAssignmentToShiftDetails for plugin assignmentToShift
2021-03-30 12:43:57,958 [localhost-startStop-1] INFO  com.qcadoo.view.internal.xml.ViewDefinitionParserImpl - Reading view multiAssignmentToShiftDetails for plugin assignmentToShift
2021-03-30 12:43:57,967 [localhost-startStop-1] INFO  com.qcadoo.view.internal.xml.ViewDefinitionParserImpl - Reading view assignmentToShiftReportDetails for plugin assignmentToShift
2021-03-30 12:43:57,977 [localhost-startStop-1] INFO  com.qcadoo.view.internal.xml.ViewDefinitionParserImpl - Reading view assignmentToShiftParameters for plugin assignmentToShift
2021-03-30 12:43:57,982 [localhost-startStop-1] INFO  com.qcadoo.view.internal.xml.ViewDefinitionParserImpl - Reading view multitransfer for plugin materialFlowMultitransfers
2021-03-30 12:43:57,993 [localhost-startStop-1] INFO  com.qcadoo.view.internal.xml.ViewDefinitionParserImpl - Reading view transferTemplateDetails for plugin materialFlowMultitransfers
2021-03-30 12:43:57,999 [localhost-startStop-1] INFO  com.qcadoo.view.internal.xml.ViewDefinitionParserImpl - Reading view transferTemplatesList for plugin materialFlowMultitransfers
2021-03-30 12:43:58,000 [localhost-startStop-1] INFO  com.qcadoo.view.internal.xml.ViewDefinitionParserImpl - Reading view ganttForOperations for plugin ganttForOperations
2021-03-30 12:43:58,001 [localhost-startStop-1] INFO  com.qcadoo.view.internal.xml.ViewDefinitionParserImpl - Reading view requestForQuotationDetails for plugin supplyNegotiations
2021-03-30 12:43:58,022 [localhost-startStop-1] INFO  com.qcadoo.view.internal.xml.ViewDefinitionParserImpl - Reading view requestForQuotationsList for plugin supplyNegotiations
2021-03-30 12:43:58,024 [localhost-startStop-1] INFO  com.qcadoo.view.internal.xml.ViewDefinitionParserImpl - Reading view requestForQuotationProductDetails for plugin supplyNegotiations
2021-03-30 12:43:58,038 [localhost-startStop-1] INFO  com.qcadoo.view.internal.xml.ViewDefinitionParserImpl - Reading view offerProductDetails for plugin supplyNegotiations
2021-03-30 12:43:58,048 [localhost-startStop-1] INFO  com.qcadoo.view.internal.xml.ViewDefinitionParserImpl - Reading view offerDetails for plugin supplyNegotiations
2021-03-30 12:43:58,065 [localhost-startStop-1] INFO  com.qcadoo.view.internal.xml.ViewDefinitionParserImpl - Reading view offersList for plugin supplyNegotiations
2021-03-30 12:43:58,074 [localhost-startStop-1] INFO  com.qcadoo.view.internal.xml.ViewDefinitionParserImpl - Reading view offersItems for plugin supplyNegotiations
2021-03-30 12:43:58,085 [localhost-startStop-1] INFO  com.qcadoo.view.internal.xml.ViewDefinitionParserImpl - Reading view negotiationsList for plugin supplyNegotiations
2021-03-30 12:43:58,089 [localhost-startStop-1] INFO  com.qcadoo.view.internal.xml.ViewDefinitionParserImpl - Reading view negotiationDetails for plugin supplyNegotiations
2021-03-30 12:43:58,110 [localhost-startStop-1] INFO  com.qcadoo.view.internal.xml.ViewDefinitionParserImpl - Reading view negotiationProductDetails for plugin supplyNegotiations
2021-03-30 12:43:58,124 [localhost-startStop-1] INFO  com.qcadoo.view.internal.xml.ViewDefinitionParserImpl - Reading view parameterColumnForRequestsDetails for plugin supplyNegotiations
2021-03-30 12:43:58,129 [localhost-startStop-1] INFO  com.qcadoo.view.internal.xml.ViewDefinitionParserImpl - Reading view parameterColumnForOffersDetails for plugin supplyNegotiations
2021-03-30 12:43:58,130 [localhost-startStop-1] INFO  com.qcadoo.view.internal.xml.ViewDefinitionParserImpl - Reading view productionTrackingsList for plugin productionCounting
2021-03-30 12:43:58,138 [localhost-startStop-1] INFO  com.qcadoo.view.internal.xml.ViewDefinitionParserImpl - Reading view productionTrackingDetails for plugin productionCounting
2021-03-30 12:43:58,165 [localhost-startStop-1] INFO  com.qcadoo.view.internal.xml.ViewDefinitionParserImpl - Reading view productionBalancesList for plugin productionCounting
2021-03-30 12:43:58,170 [localhost-startStop-1] INFO  com.qcadoo.view.internal.xml.ViewDefinitionParserImpl - Reading view productionBalanceDetails for plugin productionCounting
2021-03-30 12:43:58,185 [localhost-startStop-1] INFO  com.qcadoo.view.internal.xml.ViewDefinitionParserImpl - Reading view productionTrackingReportsList for plugin productionCounting
2021-03-30 12:43:58,192 [localhost-startStop-1] INFO  com.qcadoo.view.internal.xml.ViewDefinitionParserImpl - Reading view productionTrackingReportDetails for plugin productionCounting
2021-03-30 12:43:58,207 [localhost-startStop-1] INFO  com.qcadoo.view.internal.xml.ViewDefinitionParserImpl - Reading view trackingOperationProductInComponentDetails for plugin productionCounting
2021-03-30 12:43:58,219 [localhost-startStop-1] INFO  com.qcadoo.view.internal.xml.ViewDefinitionParserImpl - Reading view trackingOperationProductOutComponentDetails for plugin productionCounting
2021-03-30 12:43:58,228 [localhost-startStop-1] INFO  com.qcadoo.view.internal.xml.ViewDefinitionParserImpl - Reading view staffWorkTimeDetails for plugin productionCounting
2021-03-30 12:43:58,236 [localhost-startStop-1] INFO  com.qcadoo.view.internal.xml.ViewDefinitionParserImpl - Reading view productionTrackingsForProductList for plugin productionCounting
2021-03-30 12:43:58,239 [localhost-startStop-1] INFO  com.qcadoo.view.internal.xml.ViewDefinitionParserImpl - Reading view productionTrackingsForProductGroupedList for plugin productionCounting
2021-03-30 12:43:58,246 [localhost-startStop-1] INFO  com.qcadoo.view.internal.xml.ViewDefinitionParserImpl - Reading view performanceAnalysisList for plugin productionCounting
2021-03-30 12:43:58,253 [localhost-startStop-1] INFO  com.qcadoo.view.internal.xml.ViewDefinitionParserImpl - Reading view performanceAnalysisDetails for plugin productionCounting
2021-03-30 12:43:58,254 [localhost-startStop-1] INFO  com.qcadoo.view.internal.xml.ViewDefinitionParserImpl - Reading view finalProductAnalysisGenerator for plugin productionCounting
2021-03-30 12:43:58,262 [localhost-startStop-1] INFO  com.qcadoo.view.internal.xml.ViewDefinitionParserImpl - Reading view beforeAdditionalActionsAnalysisGenerator for plugin productionCounting
2021-03-30 12:43:58,270 [localhost-startStop-1] INFO  com.qcadoo.view.internal.xml.ViewDefinitionParserImpl - Reading view productionAnalysisList for plugin productionCounting
2021-03-30 12:43:58,277 [localhost-startStop-1] INFO  com.qcadoo.view.internal.xml.ViewDefinitionParserImpl - Reading view anomalyReasonList for plugin productionCounting
2021-03-30 12:43:58,278 [localhost-startStop-1] INFO  com.qcadoo.view.internal.xml.ViewDefinitionParserImpl - Reading view anomalyReasonDetails for plugin productionCounting
2021-03-30 12:43:58,280 [localhost-startStop-1] INFO  com.qcadoo.view.internal.xml.ViewDefinitionParserImpl - Reading view anomalyProductionTrackingDetails for plugin productionCounting
2021-03-30 12:43:58,294 [localhost-startStop-1] INFO  com.qcadoo.view.internal.xml.ViewDefinitionParserImpl - Reading view anomalyList for plugin productionCounting
2021-03-30 12:43:58,301 [localhost-startStop-1] INFO  com.qcadoo.view.internal.xml.ViewDefinitionParserImpl - Reading view anomalyDetails for plugin productionCounting
2021-03-30 12:43:58,317 [localhost-startStop-1] INFO  com.qcadoo.view.internal.xml.ViewDefinitionParserImpl - Reading view anomalyExplanationDetails for plugin productionCounting
2021-03-30 12:43:58,327 [localhost-startStop-1] INFO  com.qcadoo.view.internal.xml.ViewDefinitionParserImpl - Reading view trackingOperationProductInComponentAdditionalInformationReport for plugin productionCounting
2021-03-30 12:43:58,338 [localhost-startStop-1] INFO  com.qcadoo.view.internal.xml.ViewDefinitionParserImpl - Reading view productionTrackingsDraftList for plugin productionCounting
2021-03-30 12:43:58,344 [localhost-startStop-1] INFO  com.qcadoo.view.internal.xml.ViewDefinitionParserImpl - Reading view useReplacement for plugin productionCounting
2021-03-30 12:43:58,360 [localhost-startStop-1] INFO  com.qcadoo.view.internal.xml.ViewDefinitionParserImpl - Reading view workPlansList for plugin workPlans
2021-03-30 12:43:58,370 [localhost-startStop-1] INFO  com.qcadoo.view.internal.xml.ViewDefinitionParserImpl - Reading view workPlanDetails for plugin workPlans
2021-03-30 12:43:58,393 [localhost-startStop-1] INFO  com.qcadoo.view.internal.xml.ViewDefinitionParserImpl - Reading view parameterOrderColumnDetails for plugin workPlans
2021-03-30 12:43:58,399 [localhost-startStop-1] INFO  com.qcadoo.view.internal.xml.ViewDefinitionParserImpl - Reading view workPlanOrderColumnDetails for plugin workPlans
2021-03-30 12:43:58,404 [localhost-startStop-1] INFO  com.qcadoo.view.internal.xml.ViewDefinitionParserImpl - Reading view parameterInputColumnDetails for plugin workPlans
2021-03-30 12:43:58,411 [localhost-startStop-1] INFO  com.qcadoo.view.internal.xml.ViewDefinitionParserImpl - Reading view parameterOutputColumnDetails for plugin workPlans
2021-03-30 12:43:58,413 [localhost-startStop-1] INFO  com.qcadoo.view.internal.xml.ViewDefinitionParserImpl - Reading view workPlanParameters for plugin workPlans
2021-03-30 12:43:58,414 [localhost-startStop-1] INFO  com.qcadoo.view.internal.xml.ViewDefinitionParserImpl - Reading view trackingRecordsForOrdersList for plugin advancedGenealogyForOrders
2021-03-30 12:43:58,427 [localhost-startStop-1] INFO  com.qcadoo.view.internal.xml.ViewDefinitionParserImpl - Reading view trackingRecordForOrdersDetails for plugin advancedGenealogyForOrders
2021-03-30 12:43:58,443 [localhost-startStop-1] INFO  com.qcadoo.view.internal.xml.ViewDefinitionParserImpl - Reading view trackingRecordForSpecifiedOrderList for plugin advancedGenealogyForOrders
2021-03-30 12:43:58,445 [localhost-startStop-1] INFO  com.qcadoo.view.internal.xml.ViewDefinitionParserImpl - Reading view trackingRecordForSpecifiedOrderDetails for plugin advancedGenealogyForOrders
2021-03-30 12:43:58,455 [localhost-startStop-1] INFO  com.qcadoo.view.internal.xml.ViewDefinitionParserImpl - Reading view avgLaborCostCalcForOrderDetails for plugin avgLaborCostCalcForOrder
2021-03-30 12:43:58,473 [localhost-startStop-1] INFO  com.qcadoo.view.internal.xml.ViewDefinitionParserImpl - Reading view orderWithMaterialAvailabilityList for plugin productFlowThruDivision
2021-03-30 12:43:58,486 [localhost-startStop-1] INFO  com.qcadoo.view.internal.xml.ViewDefinitionParserImpl - Reading view materialAvailabilityList for plugin productFlowThruDivision
2021-03-30 12:43:58,498 [localhost-startStop-1] INFO  com.qcadoo.view.internal.xml.ViewDefinitionParserImpl - Reading view materialReplacementsAvailabilityList for plugin productFlowThruDivision
2021-03-30 12:43:58,499 [localhost-startStop-1] INFO  com.qcadoo.view.internal.xml.ViewDefinitionParserImpl - Reading view operationComponentDetails for plugin productFlowThruDivision
2021-03-30 12:43:58,524 [localhost-startStop-1] INFO  com.qcadoo.view.internal.xml.ViewDefinitionParserImpl - Reading view productsComponentDetails for plugin productFlowThruDivision
2021-03-30 12:43:58,536 [localhost-startStop-1] INFO  com.qcadoo.view.internal.xml.ViewDefinitionParserImpl - Reading view productsIntermediateInDetails for plugin productFlowThruDivision
2021-03-30 12:43:58,543 [localhost-startStop-1] INFO  com.qcadoo.view.internal.xml.ViewDefinitionParserImpl - Reading view productsIntermediateOutDetails for plugin productFlowThruDivision
2021-03-30 12:43:58,551 [localhost-startStop-1] INFO  com.qcadoo.view.internal.xml.ViewDefinitionParserImpl - Reading view productsFinalDetails for plugin productFlowThruDivision
2021-03-30 12:43:58,561 [localhost-startStop-1] INFO  com.qcadoo.view.internal.xml.ViewDefinitionParserImpl - Reading view productToIssueDetails for plugin productFlowThruDivision
2021-03-30 12:43:58,576 [localhost-startStop-1] INFO  com.qcadoo.view.internal.xml.ViewDefinitionParserImpl - Reading view issueList for plugin productFlowThruDivision
2021-03-30 12:43:58,585 [localhost-startStop-1] INFO  com.qcadoo.view.internal.xml.ViewDefinitionParserImpl - Reading view warehouseIssueDetails for plugin productFlowThruDivision
2021-03-30 12:43:58,616 [localhost-startStop-1] INFO  com.qcadoo.view.internal.xml.ViewDefinitionParserImpl - Reading view productsToIssueList for plugin productFlowThruDivision
2021-03-30 12:43:58,625 [localhost-startStop-1] INFO  com.qcadoo.view.internal.xml.ViewDefinitionParserImpl - Reading view warehouseIssueList for plugin productFlowThruDivision
2021-03-30 12:43:58,632 [localhost-startStop-1] INFO  com.qcadoo.view.internal.xml.ViewDefinitionParserImpl - Reading view issueDetails for plugin productFlowThruDivision
2021-03-30 12:43:58,647 [localhost-startStop-1] INFO  com.qcadoo.view.internal.xml.ViewDefinitionParserImpl - Reading view productsToIssueHelperDetails for plugin productFlowThruDivision
2021-03-30 12:43:58,662 [localhost-startStop-1] INFO  com.qcadoo.view.internal.xml.ViewDefinitionParserImpl - Reading view productToIssueCorrectionHelperDetails for plugin productFlowThruDivision
2021-03-30 12:43:58,679 [localhost-startStop-1] INFO  com.qcadoo.view.internal.xml.ViewDefinitionParserImpl - Reading view productionPerShiftDetails for plugin productionPerShift
2021-03-30 12:43:58,747 [localhost-startStop-1] INFO  com.qcadoo.view.internal.xml.ViewDefinitionParserImpl - Reading view ppsReportsList for plugin productionPerShift
2021-03-30 12:43:58,748 [localhost-startStop-1] INFO  com.qcadoo.view.internal.xml.ViewDefinitionParserImpl - Reading view ppsReportDetails for plugin productionPerShift
2021-03-30 12:43:58,759 [localhost-startStop-1] INFO  com.qcadoo.view.internal.xml.ViewDefinitionParserImpl - Reading view deviationsReportGenerator for plugin deviationCausesReporting
2021-03-30 12:43:58,773 [localhost-startStop-1] INFO  com.qcadoo.view.internal.xml.ViewDefinitionParserImpl - Reading view generateBalance for plugin productionBalancePerShift
2021-03-30 12:43:58,779 [localhost-startStop-1] INFO  com.qcadoo.view.internal.xml.ViewDefinitionParserImpl - Reading view generateMaterialRequirementCoverage for plugin orderSupplies
2021-03-30 12:43:58,802 [localhost-startStop-1] INFO  com.qcadoo.view.internal.xml.ViewDefinitionParserImpl - Reading view materialRequirementCoverageDetails for plugin orderSupplies
2021-03-30 12:43:58,822 [localhost-startStop-1] INFO  com.qcadoo.view.internal.xml.ViewDefinitionParserImpl - Reading view materialRequirementCoveragesList for plugin orderSupplies
2021-03-30 12:43:58,823 [localhost-startStop-1] INFO  com.qcadoo.view.internal.xml.ViewDefinitionParserImpl - Reading view coverageProductLoggingDetails for plugin orderSupplies
2021-03-30 12:43:58,838 [localhost-startStop-1] INFO  com.qcadoo.view.internal.xml.ViewDefinitionParserImpl - Reading view deliveryDetails for plugin orderSupplies
2021-03-30 12:43:58,846 [localhost-startStop-1] INFO  com.qcadoo.view.internal.xml.ViewDefinitionParserImpl - Reading view requestForQuotationDetails for plugin orderSupplies
2021-03-30 12:43:58,847 [localhost-startStop-1] INFO  com.qcadoo.view.internal.xml.ViewDefinitionParserImpl - Reading view supplierModalRequestForQuotation for plugin orderSupplies
2021-03-30 12:43:58,858 [localhost-startStop-1] INFO  com.qcadoo.view.internal.xml.ViewDefinitionParserImpl - Reading view supplierModalDelivery for plugin orderSupplies
2021-03-30 12:43:58,861 [localhost-startStop-1] INFO  com.qcadoo.view.internal.xml.ViewDefinitionParserImpl - Reading view coverageRegistryList for plugin orderSupplies
2021-03-30 12:43:58,865 [localhost-startStop-1] INFO  com.qcadoo.view.internal.xml.ViewDefinitionParserImpl - Reading view generateMaterialRequirementCoverageForOrder for plugin materialRequirementCoverageForOrder
2021-03-30 12:43:58,884 [localhost-startStop-1] INFO  com.qcadoo.view.internal.xml.ViewDefinitionParserImpl - Reading view materialRequirementCoveragesForOrderList for plugin materialRequirementCoverageForOrder
2021-03-30 12:43:58,897 [localhost-startStop-1] INFO  com.qcadoo.view.internal.xml.ViewDefinitionParserImpl - Reading view materialRequirementCoverageForOrderDetails for plugin materialRequirementCoverageForOrder
2021-03-30 12:43:58,902 [localhost-startStop-1] INFO  com.qcadoo.view.internal.xml.ViewDefinitionParserImpl - Reading view coverageProductLoggingDetails for plugin materialRequirementCoverageForOrder
2021-03-30 12:43:58,906 [localhost-startStop-1] INFO  com.qcadoo.view.internal.xml.ViewDefinitionParserImpl - Reading view ordersForSubproducts for plugin ordersForSubproductsGeneration
2021-03-30 12:44:07,108 [localhost-startStop-1] INFO  com.qcadoo.view.internal.resource.JspResourceResolver - Copying jsps ...
2021-03-30 12:44:07,538 [localhost-startStop-1] INFO  com.qcadoo.view.internal.resource.JspResourceResolver - Copying jsps ...
